This is pdfTeX, Version 3.141592653-2.6-1.40.22 (MiKTeX 21.3) (preloaded format=pdflatex 2021.5.23)  23 MAY 2021 22:57
entering extended mode
**./Pamgen_Report.tex
(Pamgen_Report.tex
LaTeX2e <2020-10-01> patch level 4
L3 programming layer <2021-05-11>
(E:\AssemblyCache\MiKTeX\tex/latex/base\article.cls
Document Class: article 2020/04/10 v1.4m Standard LaTeX document class
(E:\AssemblyCache\MiKTeX\tex/latex/base\size12.clo
File: size12.clo 2020/04/10 v1.4m Standard LaTeX file (size option)
)
\c@part=\count179
\c@section=\count180
\c@subsection=\count181
\c@subsubsection=\count182
\c@paragraph=\count183
\c@subparagraph=\count184
\c@figure=\count185
\c@table=\count186
\abovecaptionskip=\skip47
\belowcaptionskip=\skip48
\bibindent=\dimen138
)
(E:\AssemblyCache\MiKTeX\tex/latex/fancyvrb\fancyvrb.sty
Package: fancyvrb 2021/01/20 v3.7 verbatim text (tvz,hv)

(E:\AssemblyCache\MiKTeX\tex/latex/graphics\keyval.sty
Package: keyval 2014/10/28 v1.15 key=value parser (DPC)
\KV@toks@=\toks15
)
\FV@CodeLineNo=\count187
\FV@InFile=\read2
\FV@TabBox=\box47
\c@FancyVerbLine=\count188
\FV@StepNumber=\count189
\FV@OutFile=\write3
)
(E:\AssemblyCache\MiKTeX\tex/latex/base\makeidx.sty
Package: makeidx 2014/09/29 v1.0m Standard LaTeX package
)
(E:\AssemblyCache\MiKTeX\tex/latex/graphics\graphicx.sty
Package: graphicx 2020/09/09 v1.2b Enhanced LaTeX Graphics (DPC,SPQR)

(E:\AssemblyCache\MiKTeX\tex/latex/graphics\graphics.sty
Package: graphics 2020/08/30 v1.4c Standard LaTeX Graphics (DPC,SPQR)

(E:\AssemblyCache\MiKTeX\tex/latex/graphics\trig.sty
Package: trig 2016/01/03 v1.10 sin cos tan (DPC)
)
(E:\AssemblyCache\MiKTeX\tex/latex/graphics-cfg\graphics.cfg
File: graphics.cfg 2016/06/04 v1.11 sample graphics configuration
)
Package graphics Info: Driver file: pdftex.def on input line 105.

(E:\AssemblyCache\MiKTeX\tex/latex/graphics-def\pdftex.def
File: pdftex.def 2020/10/05 v1.2a Graphics/color driver for pdftex
))
\Gin@req@height=\dimen139
\Gin@req@width=\dimen140
)
(E:\AssemblyCache\MiKTeX\tex/latex/amsmath\amsmath.sty
Package: amsmath 2020/09/23 v2.17i AMS math features
\@mathmargin=\skip49

For additional information on amsmath, use the `?' option.
(E:\AssemblyCache\MiKTeX\tex/latex/amsmath\amstext.sty
Package: amstext 2000/06/29 v2.01 AMS text

(E:\AssemblyCache\MiKTeX\tex/latex/amsmath\amsgen.sty
File: amsgen.sty 1999/11/30 v2.0 generic functions
\@emptytoks=\toks16
\ex@=\dimen141
))
(E:\AssemblyCache\MiKTeX\tex/latex/amsmath\amsbsy.sty
Package: amsbsy 1999/11/29 v1.2d Bold Symbols
\pmbraise@=\dimen142
)
(E:\AssemblyCache\MiKTeX\tex/latex/amsmath\amsopn.sty
Package: amsopn 2016/03/08 v2.02 operator names
)
\inf@bad=\count190
LaTeX Info: Redefining \frac on input line 234.
\uproot@=\count191
\leftroot@=\count192
LaTeX Info: Redefining \overline on input line 399.
\classnum@=\count193
\DOTSCASE@=\count194
LaTeX Info: Redefining \ldots on input line 496.
LaTeX Info: Redefining \dots on input line 499.
LaTeX Info: Redefining \cdots on input line 620.
\Mathstrutbox@=\box48
\strutbox@=\box49
\big@size=\dimen143
LaTeX Font Info:    Redeclaring font encoding OML on input line 743.
LaTeX Font Info:    Redeclaring font encoding OMS on input line 744.
\macc@depth=\count195
\c@MaxMatrixCols=\count196
\dotsspace@=\muskip16
\c@parentequation=\count197
\dspbrk@lvl=\count198
\tag@help=\toks17
\row@=\count199
\column@=\count266
\maxfields@=\count267
\andhelp@=\toks18
\eqnshift@=\dimen144
\alignsep@=\dimen145
\tagshift@=\dimen146
\tagwidth@=\dimen147
\totwidth@=\dimen148
\lineht@=\dimen149
\@envbody=\toks19
\multlinegap=\skip50
\multlinetaggap=\skip51
\mathdisplay@stack=\toks20
LaTeX Info: Redefining \[ on input line 2923.
LaTeX Info: Redefining \] on input line 2924.
)
(E:\AssemblyCache\MiKTeX\tex/latex/eepic\eepic.sty
Extension to Epic and LaTeX. Version 1.1e - Released Dec 21, 1999
\@gphlinewidth=\count268
\@eepictcnt=\count269
\@tempdimc=\dimen150
\maxovaldiam=\dimen151
\@filltype=\box50
) (E:\AssemblyCache\MiKTeX\tex/latex/latex-tools\longtable.sty
Package: longtable 2020/01/07 v4.13 Multi-page Table package (DPC)
\LTleft=\skip52
\LTright=\skip53
\LTpre=\skip54
\LTpost=\skip55
\LTchunksize=\count270
\LTcapwidth=\dimen152
\LT@head=\box51
\LT@firsthead=\box52
\LT@foot=\box53
\LT@lastfoot=\box54
\LT@cols=\count271
\LT@rows=\count272
\c@LT@tables=\count273
\c@LT@chunks=\count274
\LT@p@ftn=\toks21
) (html.sty
Package: html 1996/12/22 v1.1 hypertext commands for latex2html (nd, hws, rrm)
\c@lpart=\count275
\c@lchapter=\count276
\c@lsection=\count277
\c@lsubsection=\count278
\c@lsubsubsection=\count279
\c@lparagraph=\count280
\c@lsubparagraph=\count281
\c@lequation=\count282
\c@lsubsubparagraph=\count283
\ptrfile=\write4
)
(E:\AssemblyCache\MiKTeX\tex/latex/latex-tools\multicol.sty
Package: multicol 2019/12/09 v1.8y multicolumn formatting (FMi)
\c@tracingmulticols=\count284
\mult@box=\box55
\multicol@leftmargin=\dimen153
\c@unbalance=\count285
\c@collectmore=\count286
\doublecol@number=\count287
\multicoltolerance=\count288
\multicolpretolerance=\count289
\full@width=\dimen154
\page@free=\dimen155
\premulticols=\dimen156
\postmulticols=\dimen157
\multicolsep=\skip56
\multicolbaselineskip=\skip57
\partial@page=\box56
\last@line=\box57
\maxbalancingoverflow=\dimen158
\mult@rightbox=\box58
\mult@grightbox=\box59
\mult@gfirstbox=\box60
\mult@firstbox=\box61
\@tempa=\box62
\@tempa=\box63
\@tempa=\box64
\@tempa=\box65
\@tempa=\box66
\@tempa=\box67
\@tempa=\box68
\@tempa=\box69
\@tempa=\box70
\@tempa=\box71
\@tempa=\box72
\@tempa=\box73
\@tempa=\box74
\@tempa=\box75
\@tempa=\box76
\@tempa=\box77
\@tempa=\box78
\@tempa=\box79
\@tempa=\box80
\@tempa=\box81
\@tempa=\box82
\@tempa=\box83
\@tempa=\box84
\@tempa=\box85
\@tempa=\box86
\@tempa=\box87
\@tempa=\box88
\@tempa=\box89
\@tempa=\box90
\@tempa=\box91
\@tempa=\box92
\@tempa=\box93
\@tempa=\box94
\@tempa=\box95
\@tempa=\box96
\@tempa=\box97
\@tempa=\box98
\c@minrows=\count290
\c@columnbadness=\count291
\c@finalcolumnbadness=\count292
\last@try=\dimen159
\multicolovershoot=\dimen160
\multicolundershoot=\dimen161
\mult@nat@firstbox=\box99
\colbreak@box=\box100
\mc@col@check@num=\count293
)
(E:\AssemblyCache\MiKTeX\tex/latex/latex-tools\tabularx.sty
Package: tabularx 2020/01/15 v2.11c `tabularx' package (DPC)

(E:\AssemblyCache\MiKTeX\tex/latex/latex-tools\array.sty
Package: array 2020/10/01 v2.5c Tabular extension package (FMi)
\col@sep=\dimen162
\ar@mcellbox=\box101
\extrarowheight=\dimen163
\NC@list=\toks22
\extratabsurround=\skip58
\backup@length=\skip59
\ar@cellbox=\box102
)
\TX@col@width=\dimen164
\TX@old@table=\dimen165
\TX@old@col=\dimen166
\TX@target=\dimen167
\TX@delta=\dimen168
\TX@cols=\count294
\TX@ftn=\toks23
)
(E:\AssemblyCache\MiKTeX\tex/latex/hyperref\hyperref.sty
Package: hyperref 2021-02-27 v7.00k Hypertext links for LaTeX

(E:\AssemblyCache\MiKTeX\tex/generic/ltxcmds\ltxcmds.sty
Package: ltxcmds 2020-05-10 v1.25 LaTeX kernel commands for general use (HO)
)
(E:\AssemblyCache\MiKTeX\tex/generic/iftex\iftex.sty
Package: iftex 2020/03/06 v1.0d TeX engine tests
)
(E:\AssemblyCache\MiKTeX\tex/generic/pdftexcmds\pdftexcmds.sty
Package: pdftexcmds 2020-06-27 v0.33 Utility functions of pdfTeX for LuaTeX (HO
)

(E:\AssemblyCache\MiKTeX\tex/generic/infwarerr\infwarerr.sty
Package: infwarerr 2019/12/03 v1.5 Providing info/warning/error messages (HO)
)
Package pdftexcmds Info: \pdf@primitive is available.
Package pdftexcmds Info: \pdf@ifprimitive is available.
Package pdftexcmds Info: \pdfdraftmode found.
)
(E:\AssemblyCache\MiKTeX\tex/generic/kvsetkeys\kvsetkeys.sty
Package: kvsetkeys 2019/12/15 v1.18 Key value parser (HO)
)
(E:\AssemblyCache\MiKTeX\tex/generic/kvdefinekeys\kvdefinekeys.sty
Package: kvdefinekeys 2019-12-19 v1.6 Define keys (HO)
)
(E:\AssemblyCache\MiKTeX\tex/generic/pdfescape\pdfescape.sty
Package: pdfescape 2019/12/09 v1.15 Implements pdfTeX's escape features (HO)
)
(E:\AssemblyCache\MiKTeX\tex/latex/hycolor\hycolor.sty
Package: hycolor 2020-01-27 v1.10 Color options for hyperref/bookmark (HO)
)
(E:\AssemblyCache\MiKTeX\tex/latex/letltxmacro\letltxmacro.sty
Package: letltxmacro 2019/12/03 v1.6 Let assignment for LaTeX macros (HO)
)
(E:\AssemblyCache\MiKTeX\tex/latex/auxhook\auxhook.sty
Package: auxhook 2019-12-17 v1.6 Hooks for auxiliary files (HO)
)
(E:\AssemblyCache\MiKTeX\tex/latex/kvoptions\kvoptions.sty
Package: kvoptions 2020-10-07 v3.14 Key value format for package options (HO)
)
\@linkdim=\dimen169
\Hy@linkcounter=\count295
\Hy@pagecounter=\count296

(E:\AssemblyCache\MiKTeX\tex/latex/hyperref\pd1enc.def
File: pd1enc.def 2021-02-27 v7.00k Hyperref: PDFDocEncoding definition (HO)
Now handling font encoding PD1 ...
... no UTF-8 mapping file for font encoding PD1
)
(E:\AssemblyCache\MiKTeX\tex/latex/hyperref\hyperref-langpatches.def
File: hyperref-langpatches.def 2021-02-27 v7.00k Hyperref: patches for babel la
nguages
)
(E:\AssemblyCache\MiKTeX\tex/generic/intcalc\intcalc.sty
Package: intcalc 2019/12/15 v1.3 Expandable calculations with integers (HO)
)
(E:\AssemblyCache\MiKTeX\tex/generic/etexcmds\etexcmds.sty
Package: etexcmds 2019/12/15 v1.7 Avoid name clashes with e-TeX commands (HO)
)
\Hy@SavedSpaceFactor=\count297

(E:\AssemblyCache\MiKTeX\tex/latex/hyperref\puenc.def
File: puenc.def 2021-02-27 v7.00k Hyperref: PDF Unicode definition (HO)
Now handling font encoding PU ...
... no UTF-8 mapping file for font encoding PU
)
Package hyperref Info: Hyper figures OFF on input line 4192.
Package hyperref Info: Link nesting OFF on input line 4197.
Package hyperref Info: Hyper index ON on input line 4200.
Package hyperref Info: Plain pages OFF on input line 4207.
Package hyperref Info: Backreferencing OFF on input line 4212.
Package hyperref Info: Implicit mode ON; LaTeX internals redefined.
Package hyperref Info: Bookmarks ON on input line 4445.
\c@Hy@tempcnt=\count298

(E:\AssemblyCache\MiKTeX\tex/latex/url\url.sty
\Urlmuskip=\muskip17
Package: url 2013/09/16  ver 3.4  Verb mode for urls, etc.
)
LaTeX Info: Redefining \url on input line 4804.
LaTeX Info: Redefining \hyperref on input line 4815.
\XeTeXLinkMargin=\dimen170

(E:\AssemblyCache\MiKTeX\tex/generic/bitset\bitset.sty
Package: bitset 2019/12/09 v1.3 Handle bit-vector datatype (HO)

(E:\AssemblyCache\MiKTeX\tex/generic/bigintcalc\bigintcalc.sty
Package: bigintcalc 2019/12/15 v1.5 Expandable calculations on big integers (HO
)
))
\Fld@menulength=\count299
\Field@Width=\dimen171
\Fld@charsize=\dimen172
Package hyperref Info: Hyper figures OFF on input line 6075.
Package hyperref Info: Link nesting OFF on input line 6080.
Package hyperref Info: Hyper index ON on input line 6083.
Package hyperref Info: backreferencing OFF on input line 6090.
Package hyperref Info: Link coloring OFF on input line 6095.
Package hyperref Info: Link coloring with OCG OFF on input line 6100.
Package hyperref Info: PDF/A mode OFF on input line 6105.
LaTeX Info: Redefining \ref on input line 6145.
LaTeX Info: Redefining \pageref on input line 6149.

(E:\AssemblyCache\MiKTeX\tex/latex/base\atbegshi-ltx.sty
Package: atbegshi-ltx 2020/08/17 v1.0a Emulation of the original atbegshi packa
ge
with kernel methods
)
\Hy@abspage=\count300
\c@Item=\count301
\c@Hfootnote=\count302
)
Package hyperref Info: Driver (autodetected): hpdftex.

(E:\AssemblyCache\MiKTeX\tex/latex/hyperref\hpdftex.def
File: hpdftex.def 2021-02-27 v7.00k Hyperref driver for pdfTeX

(E:\AssemblyCache\MiKTeX\tex/latex/base\atveryend-ltx.sty
Package: atveryend-ltx 2020/08/19 v1.0a Emulation of the original atvery packag
e
with kernel methods
)
\Fld@listcount=\count303
\c@bookmark@seq@number=\count304

(E:\AssemblyCache\MiKTeX\tex/latex/rerunfilecheck\rerunfilecheck.sty
Package: rerunfilecheck 2019/12/05 v1.9 Rerun checks for auxiliary files (HO)

(E:\AssemblyCache\MiKTeX\tex/generic/uniquecounter\uniquecounter.sty
Package: uniquecounter 2019/12/15 v1.4 Provide unlimited unique counter (HO)
)
Package uniquecounter Info: New unique counter `rerunfilecheck' on input line 2
86.
)
\Hy@SectionHShift=\skip60
)
\@indexfile=\write5
\openout5 = `Pamgen_Report.idx'.


Writing index file Pamgen_Report.idx
(E:\AssemblyCache\MiKTeX\tex/latex/l3backend\l3backend-pdftex.def
File: l3backend-pdftex.def 2021-05-07 L3 backend support: PDF output (pdfTeX)
\l__color_backend_stack_int=\count305
\l__pdf_internal_box=\box103
)
No file Pamgen_Report.aux.
\openout1 = `Pamgen_Report.aux'.

LaTeX Font Info:    Checking defaults for OML/cmm/m/it on input line 20.
LaTeX Font Info:    ... okay on input line 20.
LaTeX Font Info:    Checking defaults for OMS/cmsy/m/n on input line 20.
LaTeX Font Info:    ... okay on input line 20.
LaTeX Font Info:    Checking defaults for OT1/cmr/m/n on input line 20.
LaTeX Font Info:    ... okay on input line 20.
LaTeX Font Info:    Checking defaults for T1/cmr/m/n on input line 20.
LaTeX Font Info:    ... okay on input line 20.
LaTeX Font Info:    Checking defaults for TS1/cmr/m/n on input line 20.
LaTeX Font Info:    ... okay on input line 20.
LaTeX Font Info:    Checking defaults for OMX/cmex/m/n on input line 20.
LaTeX Font Info:    ... okay on input line 20.
LaTeX Font Info:    Checking defaults for U/cmr/m/n on input line 20.
LaTeX Font Info:    ... okay on input line 20.
LaTeX Font Info:    Checking defaults for PD1/pdf/m/n on input line 20.
LaTeX Font Info:    ... okay on input line 20.
LaTeX Font Info:    Checking defaults for PU/pdf/m/n on input line 20.
LaTeX Font Info:    ... okay on input line 20.
(E:\AssemblyCache\MiKTeX\tex/context/base/mkii\supp-pdf.mkii
[Loading MPS to PDF converter (version 2006.09.02).]
\scratchcounter=\count306
\scratchdimen=\dimen173
\scratchbox=\box104
\nofMPsegments=\count307
\nofMParguments=\count308
\everyMPshowfont=\toks24
\MPscratchCnt=\count309
\MPscratchDim=\dimen174
\MPnumerator=\count310
\makeMPintoPDFobject=\count311
\everyMPtoPDFconversion=\toks25
) (E:\AssemblyCache\MiKTeX\tex/latex/epstopdf-pkg\epstopdf-base.sty
Package: epstopdf-base 2020-01-24 v2.11 Base part for package epstopdf
Package epstopdf-base Info: Redefining graphics rule for `.eps' on input line 4
85.

(E:\AssemblyCache\MiKTeX\tex/latex/00miktex\epstopdf-sys.cfg
File: epstopdf-sys.cfg 2021/03/18 v2.0 Configuration of epstopdf for MiKTeX
))
Package hyperref Info: Link coloring OFF on input line 20.

(E:\AssemblyCache\MiKTeX\tex/latex/hyperref\nameref.sty
Package: nameref 2021-04-02 v2.47 Cross-referencing by name of section

(E:\AssemblyCache\MiKTeX\tex/latex/refcount\refcount.sty
Package: refcount 2019/12/15 v3.6 Data extraction from label references (HO)
)
(E:\AssemblyCache\MiKTeX\tex/generic/gettitlestring\gettitlestring.sty
Package: gettitlestring 2019/12/15 v1.6 Cleanup title references (HO)
)
\c@section@level=\count312
)
LaTeX Info: Redefining \ref on input line 20.
LaTeX Info: Redefining \pageref on input line 20.
LaTeX Info: Redefining \nameref on input line 20.
\@outlinefile=\write6
\openout6 = `Pamgen_Report.out'.


(macros.tex
\adjustsupersed=\skip61
)
\textwidththird=\skip62
\topheight=\skip63
\topleftwidth=\skip64
\topmiddlewidth=\skip65
\toprightwidth=\skip66
\coverindent=\skip67
LaTeX Font Info:    Trying to load font information for OT1+phv on input line 5
0.
 (E:\AssemblyCache\MiKTeX\tex/latex/psnfss\ot1phv.fd
File: ot1phv.fd 2020/03/25 scalable font definitions for OT1/phv.
)
Underfull \hbox (badness 10000) in paragraph at lines 50--50

 []


Underfull \hbox (badness 10000) in paragraph at lines 50--50

 []


Underfull \hbox (badness 10000) in paragraph at lines 50--50

 []


Underfull \hbox (badness 10000) in paragraph at lines 50--50

 []

<figures/snllineblk.pdf, id=3, 241.90375pt x 38.1425pt>
File: figures/snllineblk.pdf Graphic file (type pdf)
<use figures/snllineblk.pdf>
Package pdftex.def Info: figures/snllineblk.pdf  used on input line 50.
(pdftex.def)             Requested size: 241.90315pt x 38.1424pt.

Overfull \hbox (10.09608pt too wide) in paragraph at lines 50--50
[]|  [] 
 []


Overfull \vbox (33.16875pt too high) has occurred while \output is active []


[1

{C:/Users/trmcnealy/AppData/Local/MiKTeX/pdftex/config/pdftex.map} <./figures/s
nllineblk.pdf>]
LaTeX Font Info:    Trying to load font information for OT1+pnc on input line 5
0.
 (E:\AssemblyCache\MiKTeX\tex/latex/psnfss\ot1pnc.fd
File: ot1pnc.fd 2001/06/04 font definitions for OT1/pnc.
)
Overfull \hbox (4.46486pt too wide) in paragraph at lines 50--50
[]
 []

<figures/DOEbwlogo.pdf, id=13, 286.06876pt x 286.06876pt>
File: figures/DOEbwlogo.pdf Graphic file (type pdf)
<use figures/DOEbwlogo.pdf>
Package pdftex.def Info: figures/DOEbwlogo.pdf  used on input line 50.
(pdftex.def)             Requested size: 54.2025pt x 54.20085pt.

Overfull \hbox (46.23106pt too wide) in paragraph at lines 50--50
[]  [] 
 []


Overfull \vbox (33.16875pt too high) has occurred while \output is active []


[2 <./figures/DOEbwlogo.pdf>] [3] (pamgen_acknowledgment.tex) [4

]
\tf@toc=\write7
\openout7 = `Pamgen_Report.toc'.

 [5

]
\tf@lof=\write8
\openout8 = `Pamgen_Report.lof'.

 [6

]
\tf@lot=\write9
\openout9 = `Pamgen_Report.lot'.


[7

] (pamgen_introduction.tex) (pamgen_mesh.tex [8

]

LaTeX Warning: Reference `sec:specifying_a_mesh' on page 9 undefined on input l
ine 5.

<figures/brick.pdf, id=61, 794.97pt x 614.295pt>
File: figures/brick.pdf Graphic file (type pdf)
<use figures/brick.pdf>
Package pdftex.def Info: figures/brick.pdf  used on input line 24.
(pdftex.def)             Requested size: 72.26999pt x 55.83719pt.
<figures/cubit_radial1.pdf, id=62, 543.72134pt x 540.81044pt>
File: figures/cubit_radial1.pdf Graphic file (type pdf)
<use figures/cubit_radial1.pdf>
Package pdftex.def Info: figures/cubit_radial1.pdf  used on input line 25.
(pdftex.def)             Requested size: 72.26999pt x 71.87572pt.
<figures/cubit_radial2.pdf, id=63, 614.295pt x 794.97pt>
File: figures/cubit_radial2.pdf Graphic file (type pdf)
<use figures/cubit_radial2.pdf>
Package pdftex.def Info: figures/cubit_radial2.pdf  used on input line 26.
(pdftex.def)             Requested size: 72.26999pt x 93.52422pt.
<figures/cubit_radial_trisection.pdf, id=64, 614.295pt x 794.97pt>
File: figures/cubit_radial_trisection.pdf Graphic file (type pdf)
<use figures/cubit_radial_trisection.pdf>
Package pdftex.def Info: figures/cubit_radial_trisection.pdf  used on input lin
e 27.
(pdftex.def)             Requested size: 72.26999pt x 93.52422pt.
<figures/cubit_radial_trisection2.pdf, id=65, 614.295pt x 794.97pt>
File: figures/cubit_radial_trisection2.pdf Graphic file (type pdf)
<use figures/cubit_radial_trisection2.pdf>
Package pdftex.def Info: figures/cubit_radial_trisection2.pdf  used on input li
ne 28.
(pdftex.def)             Requested size: 72.26999pt x 93.52422pt.
[9

 <./figures/brick.pdf, page is rotated 90 degrees> <./figures/cubit_radial1.pdf
> <./figures/cubit_radial2.pdf> <./figures/cubit_radial_trisection.pdf> <./figu
res/cubit_radial_trisection2.pdf>]
<figures/3d_warped_geometry_white_bg.pdf, id=85, 794.97pt x 614.295pt>
File: figures/3d_warped_geometry_white_bg.pdf Graphic file (type pdf)
<use figures/3d_warped_geometry_white_bg.pdf>
Package pdftex.def Info: figures/3d_warped_geometry_white_bg.pdf  used on input
 line 51.
(pdftex.def)             Requested size: 72.26999pt x 55.83719pt.
<figures/mesh_warp_2d_white_bg.pdf, id=86, 794.97pt x 614.295pt>
File: figures/mesh_warp_2d_white_bg.pdf Graphic file (type pdf)
<use figures/mesh_warp_2d_white_bg.pdf>
Package pdftex.def Info: figures/mesh_warp_2d_white_bg.pdf  used on input line 
52.
(pdftex.def)             Requested size: 72.26999pt x 55.83719pt.
 [10 <./figures/3d_warped_geometry_white_bg.pdf> <./figures/mesh_warp_2d_white_
bg.pdf>] [11] [12

] [13

]
Overfull \hbox (85.47523pt too wide) in paragraph at lines 109--109
[] \OT1/cmtt/m/n/12 {RECTILINEAR | SPHERICAL | BRICK | RADIAL | RADIAL TRISECTI
ON | CYLINDRICAL}[] 
 []


Underfull \vbox (badness 10000) has occurred while \output is active []

 [14

]
[15]

LaTeX Warning: Reference `tab:inlinemesh-rectilinear' on page 16 undefined on i
nput line 148.


LaTeX Warning: Reference `fig:rect_inline' on page 16 undefined on input line 1
77.

<figures/rect_inline.pdf, id=142, 794.97pt x 614.295pt>
File: figures/rect_inline.pdf Graphic file (type pdf)
<use figures/rect_inline.pdf>
Package pdftex.def Info: figures/rect_inline.pdf  used on input line 208.
(pdftex.def)             Requested size: 234.87749pt x 181.49664pt.

Overfull \hbox (39.87749pt too wide) in paragraph at lines 208--209
 [][] 
 []

[16

] [17 <./figures/rect_inline.pdf>]

LaTeX Warning: Reference `tab:inlinemesh-radial' on page 18 undefined on input 
line 231.


LaTeX Warning: Reference `fig:test_radial' on page 18 undefined on input line 2
70.


LaTeX Warning: Reference `fig:str_inline_sphere' on page 18 undefined on input 
line 272.

<figures/test_radial.pdf, id=158, 528.97626pt x 551.05875pt>
File: figures/test_radial.pdf Graphic file (type pdf)
<use figures/test_radial.pdf>
Package pdftex.def Info: figures/test_radial.pdf  used on input line 295.
(pdftex.def)             Requested size: 198.7425pt x 207.03331pt.
<figures/str_inline_sphere.pdf, id=159, 526.96875pt x 551.05875pt>
File: figures/str_inline_sphere.pdf Graphic file (type pdf)
<use figures/str_inline_sphere.pdf>
Package pdftex.def Info: figures/str_inline_sphere.pdf  used on input line 327.

(pdftex.def)             Requested size: 198.7425pt x 207.8321pt.
[18

] [19 <./figures/test_radial.pdf> <./figures/str_inline_sphere.pdf>]

LaTeX Warning: Reference `tab:inlinemesh-cylinder' on page 20 undefined on inpu
t line 350.


LaTeX Warning: Reference `fig:rect_cylinder' on page 20 undefined on input line
 389.

<figures/cylinder.pdf, id=177, 794.97pt x 614.295pt>
File: figures/cylinder.pdf Graphic file (type pdf)
<use figures/cylinder.pdf>
Package pdftex.def Info: figures/cylinder.pdf  used on input line 415.
(pdftex.def)             Requested size: 252.94499pt x 195.4536pt.

Overfull \hbox (18.94261pt too wide) in paragraph at lines 415--416
 [][] 
 []

[20

] [21 <./figures/cylinder.pdf>]
Overfull \hbox (42.25021pt too wide) in paragraph at lines 439--439
[]     \OT1/cmtt/m/n/12 ZBLOCK int real {INTERVAL int | FIRST SIZE real [LAST S
IZE real]}[] 
 []


Overfull \hbox (42.25021pt too wide) in paragraph at lines 439--439
[]     \OT1/cmtt/m/n/12 RBLOCK int real {INTERVAL int | FIRST SIZE real [LAST S
IZE real]}[] 
 []


Overfull \hbox (42.25021pt too wide) in paragraph at lines 439--439
[]     \OT1/cmtt/m/n/12 ABLOCK int real {INTERVAL int | FIRST SIZE real [LAST S
IZE real]}[] 
 []

[22

]
Overfull \hbox (2.26382pt too wide) in paragraph at lines 472--485
[]\OT1/cmr/m/n/12 Immediately fol-low-ing the \OT1/cmtt/m/n/12 NUMZ int | NUMR 
int INITIAL RADIUS real
 []


Underfull \vbox (badness 10000) has occurred while \output is active []

 [23]

LaTeX Warning: Reference `fig:rect_cubit_radial' on page 24 undefined on input 
line 508.

File: figures/cubit_radial1.pdf Graphic file (type pdf)
<use figures/cubit_radial1.pdf>
Package pdftex.def Info: figures/cubit_radial1.pdf  used on input line 515.
(pdftex.def)             Requested size: 216.81pt x 215.64366pt.

LaTeX Warning: Reference `fig:rect_cubit_radial2' on page 24 undefined on input
 line 539.

[24]
Overfull \hbox (16.90247pt too wide) in paragraph at lines 560--560
[]    \OT1/cmtt/m/n/12 zblock 1 10.0 interval 6[] 
 []


Overfull \hbox (10.72746pt too wide) in paragraph at lines 560--560
[]    \OT1/cmtt/m/n/12 rblock 1 2. interval 12[] 
 []


Overfull \hbox (4.55246pt too wide) in paragraph at lines 560--560
[]    \OT1/cmtt/m/n/12 rblock 2 5. interval 6[] 
 []


Overfull \hbox (10.72746pt too wide) in paragraph at lines 560--560
[]    \OT1/cmtt/m/n/12 rblock 3 5. interval 12[] 
 []


Overfull \hbox (23.07747pt too wide) in paragraph at lines 560--560
[]    \OT1/cmtt/m/n/12 ablock 1 360. interval 36[] 
 []

File: figures/cubit_radial2.pdf Graphic file (type pdf)
<use figures/cubit_radial2.pdf>
Package pdftex.def Info: figures/cubit_radial2.pdf  used on input line 565.
(pdftex.def)             Requested size: 216.81pt x 280.57268pt.

LaTeX Warning: Reference `fig:cubit_radial_trisect3' on page 25 undefined on in
put line 574.

<figures/cubit_tris_rad_grad_trans.pdf, id=205, 463.7325pt x 460.72125pt>
File: figures/cubit_tris_rad_grad_trans.pdf Graphic file (type pdf)
<use figures/cubit_tris_rad_grad_trans.pdf>
Package pdftex.def Info: figures/cubit_tris_rad_grad_trans.pdf  used on input l
ine 585.
(pdftex.def)             Requested size: 397.4931pt x 325.20923pt.

Overfull \hbox (7.4931pt too wide) in paragraph at lines 585--586
 [][] 
 []


LaTeX Warning: Float too large for page by 5.44586pt on input line 608.


LaTeX Warning: Reference `fig:cubit_radial_trisect1' on page 25 undefined on in
put line 612.


Overfull \hbox (16.90247pt too wide) in paragraph at lines 633--633
[]      \OT1/cmtt/m/n/12 zblock 1 1. interval 4[] 
 []


Overfull \hbox (23.07747pt too wide) in paragraph at lines 633--633
[]      \OT1/cmtt/m/n/12 rblock 1 2.0 interval 4[] 
 []


Overfull \hbox (23.07747pt too wide) in paragraph at lines 633--633
[]      \OT1/cmtt/m/n/12 rblock 2 3.0 interval 4[] 
 []


Overfull \hbox (23.07747pt too wide) in paragraph at lines 633--633
[]      \OT1/cmtt/m/n/12 rblock 3 4.0 interval 4[] 
 []


Overfull \hbox (29.25247pt too wide) in paragraph at lines 633--633
[]      \OT1/cmtt/m/n/12 ablock 1 90. interval 12[] 
 []

File: figures/cubit_radial_trisection.pdf Graphic file (type pdf)
<use figures/cubit_radial_trisection.pdf>
Package pdftex.def Info: figures/cubit_radial_trisection.pdf  used on input lin
e 638.
(pdftex.def)             Requested size: 216.81pt x 280.57268pt.

LaTeX Warning: Reference `fig:cubit_radial_trisect2' on page 25 undefined on in
put line 648.


Overfull \hbox (8.02678pt too wide) in paragraph at lines 646--650
[]\OT1/cmr/m/n/12 A third ex-am-ple of a \OT1/cmr/m/sc/12 pam-gen \OT1/cmr/m/n/
12 mesh def-i-ni-tion with the \OT1/cmtt/m/n/12 RADIAL TRISECTION
 []


Overfull \hbox (16.90247pt too wide) in paragraph at lines 670--670
[]      \OT1/cmtt/m/n/12 zblock 1 4. interval 4[] 
 []


Overfull \hbox (23.07747pt too wide) in paragraph at lines 670--670
[]      \OT1/cmtt/m/n/12 rblock 1 2.0 interval 4[] 
 []


Overfull \hbox (23.07747pt too wide) in paragraph at lines 670--670
[]      \OT1/cmtt/m/n/12 rblock 2 3.0 interval 4[] 
 []


Overfull \hbox (23.07747pt too wide) in paragraph at lines 670--670
[]      \OT1/cmtt/m/n/12 rblock 3 5.0 interval 4[] 
 []


Overfull \hbox (35.42747pt too wide) in paragraph at lines 670--670
[]      \OT1/cmtt/m/n/12 ablock 1 360. interval 32[] 
 []

File: figures/cubit_radial_trisection2.pdf Graphic file (type pdf)
<use figures/cubit_radial_trisection2.pdf>
Package pdftex.def Info: figures/cubit_radial_trisection2.pdf  used on input li
ne 675.
(pdftex.def)             Requested size: 216.81pt x 280.57268pt.
[25] [26 <./figures/cubit_tris_rad_grad_trans.pdf>] [27] [28]
Overfull \hbox (23.7252pt too wide) in paragraph at lines 708--708
[]    \OT1/cmtt/m/n/12 ZBLOCK 1 real {INTERVAL int | FIRST SIZE real [LAST SIZE
 real]}[] 
 []


Overfull \hbox (23.7252pt too wide) in paragraph at lines 708--708
[]    \OT1/cmtt/m/n/12 ZBLOCK 2 real {INTERVAL int | FIRST SIZE real [LAST SIZE
 real]}[] 
 []


Overfull \hbox (23.7252pt too wide) in paragraph at lines 708--708
[]    \OT1/cmtt/m/n/12 ZBLOCK l real {INTERVAL int | FIRST SIZE real [LAST SIZE
 real]}[] 
 []


Overfull \hbox (23.7252pt too wide) in paragraph at lines 708--708
[]    \OT1/cmtt/m/n/12 XBLOCK 1 real {INTERVAL int | FIRST SIZE real [LAST SIZE
 real]}[] 
 []


Overfull \hbox (23.7252pt too wide) in paragraph at lines 708--708
[]    \OT1/cmtt/m/n/12 XBLOCK 2 real {INTERVAL int | FIRST SIZE real [LAST SIZE
 real]}[] 
 []


Overfull \hbox (23.7252pt too wide) in paragraph at lines 708--708
[]    \OT1/cmtt/m/n/12 XBLOCK m real {INTERVAL int | FIRST SIZE real [LAST SIZE
 real]}[] 
 []


Overfull \hbox (23.7252pt too wide) in paragraph at lines 708--708
[]    \OT1/cmtt/m/n/12 YBLOCK 1 real {INTERVAL int | FIRST SIZE real [LAST SIZE
 real]}[] 
 []


Overfull \hbox (23.7252pt too wide) in paragraph at lines 708--708
[]    \OT1/cmtt/m/n/12 YBLOCK 2 real {INTERVAL int | FIRST SIZE real [LAST SIZE
 real]}[] 
 []


Overfull \hbox (23.7252pt too wide) in paragraph at lines 708--708
[]    \OT1/cmtt/m/n/12 YBLOCK n real {INTERVAL int | FIRST SIZE real [LAST SIZE
 real]}[] 
 []


Overfull \hbox (8.29008pt too wide) in paragraph at lines 711--717
[]\OT1/cmr/m/n/12 The \OT1/cmtt/m/n/12 BRICK \OT1/cmr/m/n/12 mesh topol-ogy typ
e is a more flex-i-ble ver-sion of the \OT1/cmtt/m/n/12 RECTILINEAR
 []


Overfull \hbox (4.45903pt too wide) in paragraph at lines 722--735
[]\OT1/cmr/m/n/12 Immediately fol-low-ing the \OT1/cmtt/m/n/12 NUMX int | NUMY 
int | NUMZ int \OT1/cmr/m/n/12 lines, there
 []

[29

]

LaTeX Warning: Reference `fig:brick1' on page 30 undefined on input line 739.


Overfull \hbox (16.90247pt too wide) in paragraph at lines 769--769
[]      \OT1/cmtt/m/n/12 zblock 1 2. interval 5[] 
 []


Overfull \hbox (16.90247pt too wide) in paragraph at lines 769--769
[]      \OT1/cmtt/m/n/12 zblock 2 8. interval 4[] 
 []


Overfull \hbox (23.07747pt too wide) in paragraph at lines 769--769
[]      \OT1/cmtt/m/n/12 xblock 1 5.0 interval 5[] 
 []


Overfull \hbox (23.07747pt too wide) in paragraph at lines 769--769
[]      \OT1/cmtt/m/n/12 xblock 2 5.0 interval 5[] 
 []


Overfull \hbox (121.87752pt too wide) in paragraph at lines 769--769
[]      \OT1/cmtt/m/n/12 yblock 1 10. first size 1. last size .1[] 
 []


Overfull \hbox (121.87752pt too wide) in paragraph at lines 769--769
[]      \OT1/cmtt/m/n/12 yblock 2 10. first size .1 last size 1.[] 
 []

File: figures/brick.pdf Graphic file (type pdf)
<use figures/brick.pdf>
Package pdftex.def Info: figures/brick.pdf  used on input line 774.
(pdftex.def)             Requested size: 216.81pt x 167.53032pt.
[30]

LaTeX Warning: Reference `fig:set_assign_topology' on page 31 undefined on inpu
t line 806.


LaTeX Warning: Reference `fig:block_ss' on page 31 undefined on input line 825.


[31

]

LaTeX Warning: Reference `fig:block_ss' on page 32 undefined on input line 864.



Overfull \hbox (16.90247pt too wide) in paragraph at lines 892--892
[]      \OT1/cmtt/m/n/12 zblock 1 1. interval 4[] 
 []


Overfull \hbox (23.07747pt too wide) in paragraph at lines 892--892
[]      \OT1/cmtt/m/n/12 rblock 1 2.0 interval 4[] 
 []


Overfull \hbox (23.07747pt too wide) in paragraph at lines 892--892
[]      \OT1/cmtt/m/n/12 rblock 2 3.0 interval 4[] 
 []


Overfull \hbox (23.07747pt too wide) in paragraph at lines 892--892
[]      \OT1/cmtt/m/n/12 rblock 3 4.0 interval 4[] 
 []


Overfull \hbox (29.25247pt too wide) in paragraph at lines 892--892
[]      \OT1/cmtt/m/n/12 ablock 1 90. interval 12[] 
 []


Overfull \hbox (23.07747pt too wide) in paragraph at lines 892--892
[]    \OT1/cmtt/m/n/12 block sideset, ihi, 45, 2[] 
 []

<figures/block_ss.pdf, id=248, 794.97pt x 614.295pt>
File: figures/block_ss.pdf Graphic file (type pdf)
<use figures/block_ss.pdf>
Package pdftex.def Info: figures/block_ss.pdf  used on input line 897.
(pdftex.def)             Requested size: 216.81pt x 167.53032pt.
[32] [33 <./figures/block_ss.pdf>]

LaTeX Warning: Reference `sec:runtime-compiler-functionality' on page 34 undefi
ned on input line 924.


LaTeX Warning: Reference `fig:3d_transform_example' on page 34 undefined on inp
ut line 926.


LaTeX Warning: Reference `fig:2d_transform_example' on page 34 undefined on inp
ut line 926.


Overfull \hbox (37.37389pt too wide) in paragraph at lines 963--963
[]    \OT1/cmtt/m/n/12 gmin = -1.0 -1.0 -1.0[] 
 []


Overfull \hbox (37.37389pt too wide) in paragraph at lines 963--963
[]    \OT1/cmtt/m/n/12 gmax =  1.0  1.0  1.0[] 
 []


Overfull \hbox (117.64893pt too wide) in paragraph at lines 963--963
[]  \OT1/cmtt/m/n/12 user defined geometry transformation[] 
 []


Overfull \hbox (241.14899pt too wide) in paragraph at lines 963--963
[]     \OT1/cmtt/m/n/12 double r = sqrt(inxcoord*inxcoord+inycoord*inycoord);[]
 
 []


Overfull \hbox (160.87395pt too wide) in paragraph at lines 963--963
[]     \OT1/cmtt/m/n/12 double theta = atan2(inycoord,inxcoord);[] 
 []


Overfull \hbox (25.02388pt too wide) in paragraph at lines 963--963
[]     \OT1/cmtt/m/n/12 if(inzcoord > 0.0)[] 
 []


Overfull \hbox (222.62398pt too wide) in paragraph at lines 963--963
[]        \OT1/cmtt/m/n/12 theta = theta + (3.14159 / 4.0)*(inzcoord/1.0);[] 
 []


Overfull \hbox (86.77391pt too wide) in paragraph at lines 963--963
[]        \OT1/cmtt/m/n/12 r = r*(1.0-inzcoord/1.1);[] 
 []


Overfull \hbox (86.77391pt too wide) in paragraph at lines 963--963
[]        \OT1/cmtt/m/n/12 outxcoord = r*cos(theta);[] 
 []


Overfull \hbox (86.77391pt too wide) in paragraph at lines 963--963
[]        \OT1/cmtt/m/n/12 outycoord = r*sin(theta);[] 
 []

File: figures/3d_warped_geometry_white_bg.pdf Graphic file (type pdf)
<use figures/3d_warped_geometry_white_bg.pdf>
Package pdftex.def Info: figures/3d_warped_geometry_white_bg.pdf  used on input
 line 968.
(pdftex.def)             Requested size: 346.89621pt x 268.05977pt.

Overfull \hbox (93.39859pt too wide) in paragraph at lines 968--969
[][] 
 []


Overfull \hbox (6.49887pt too wide) in paragraph at lines 1012--1012
[]    \OT1/cmtt/m/n/12 gmin = -1.0 -1.0[] 
 []


Overfull \hbox (6.49887pt too wide) in paragraph at lines 1012--1012
[]    \OT1/cmtt/m/n/12 gmax =  1.0  1.0[] 
 []


Overfull \hbox (117.64893pt too wide) in paragraph at lines 1012--1012
[]  \OT1/cmtt/m/n/12 user defined geometry transformation[] 
 []


Overfull \hbox (234.97398pt too wide) in paragraph at lines 1012--1012
[]    \OT1/cmtt/m/n/12 double r = sqrt(inxcoord*inxcoord+inycoord*inycoord);[] 

 []


Overfull \hbox (154.69894pt too wide) in paragraph at lines 1012--1012
[]    \OT1/cmtt/m/n/12 double theta = atan2(inycoord,inxcoord);[] 
 []


Overfull \hbox (210.27397pt too wide) in paragraph at lines 1012--1012
[]       \OT1/cmtt/m/n/12 theta = theta + (3.14159 / 4.0)*((r-0.5)/0.5);[] 
 []


Overfull \hbox (80.5989pt too wide) in paragraph at lines 1012--1012
[]       \OT1/cmtt/m/n/12 outxcoord = r*cos(theta);[] 
 []


Overfull \hbox (80.5989pt too wide) in paragraph at lines 1012--1012
[]       \OT1/cmtt/m/n/12 outycoord = r*sin(theta);[] 
 []

File: figures/mesh_warp_2d_white_bg.pdf Graphic file (type pdf)
<use figures/mesh_warp_2d_white_bg.pdf>
Package pdftex.def Info: figures/mesh_warp_2d_white_bg.pdf  used on input line 
1017.
(pdftex.def)             Requested size: 274.6262pt x 212.2132pt.

Overfull \hbox (21.12859pt too wide) in paragraph at lines 1017--1018
[][] 
 []

[34

] [35] [36]

LaTeX Warning: Reference `sec:runtime-compiler-functionality' on page 37 undefi
ned on input line 1049.


LaTeX Warning: Reference `fig:bias_example' on page 37 undefined on input line 
1070.


Overfull \hbox (2.6001pt too wide) in paragraph at lines 1099--1099
[]    \OT1/cmtt/m/n/12 field = 1.*exp(-5.*(coord));[] 
 []


Overfull \hbox (14.9501pt too wide) in paragraph at lines 1099--1099
[]    \OT1/cmtt/m/n/12 if(coord < 0.5)  { field = 2;}[] 
 []


Overfull \hbox (14.9501pt too wide) in paragraph at lines 1099--1099
[]    \OT1/cmtt/m/n/12 if(coord >= 0.5) { field = 1;}[] 
 []

<figures/bias_example.pdf, id=283, 794.97pt x 614.295pt>
File: figures/bias_example.pdf Graphic file (type pdf)
<use figures/bias_example.pdf>
Package pdftex.def Info: figures/bias_example.pdf  used on input line 1104.
(pdftex.def)             Requested size: 202.35622pt x 156.36662pt.

Overfull \hbox (26.8574pt too wide) in paragraph at lines 1104--1105
 [][] 
 []

[37

] [38 <./figures/bias_example.pdf>]

LaTeX Warning: Reference `tab:inlinemesh-decomp_strat' on page 39 undefined on 
input line 1138.


Underfull \hbox (badness 10000) in paragraph at lines 1157--1157
[]|\OT1/cmr/m/n/12 Recursively bi-sect do-main
 []


Underfull \hbox (badness 3895) in paragraph at lines 1157--1157
\OT1/cmr/m/n/12 mak-ing slices cal-cu-lated to
 []


Underfull \hbox (badness 1005) in paragraph at lines 1157--1157
\OT1/cmr/m/n/12 as-sign nearly equal num-bers
 []


Underfull \hbox (badness 10000) in paragraph at lines 1157--1157
\OT1/cmr/m/n/12 com-mu-ni-ca-tions over-head.
 []


Underfull \hbox (badness 2735) in paragraph at lines 1157--1157
\OT1/cmr/m/it/12 and is in-tended mainly for
 []


Underfull \hbox (badness 1881) in paragraph at lines 1157--1157
\OT1/cmr/m/it/12 test-ing and ver-i-fi-ca-tion pur-
 []


LaTeX Warning: Float too large for page by 6.03651pt on input line 1157.


LaTeX Warning: Reference `fig:tri_dec' on page 39 undefined on input line 1177.


[39

]

LaTeX Warning: Reference `fig:dec_bis' on page 40 undefined on input line 1182.



LaTeX Warning: Reference `fig:dec_pl' on page 40 undefined on input line 1183.


Overfull \hbox (29.25247pt too wide) in paragraph at lines 1219--1219
[]      \OT1/cmtt/m/n/12 zblock 1 10.0 interval 1[] 
 []


Overfull \hbox (16.90247pt too wide) in paragraph at lines 1219--1219
[]    \OT1/cmtt/m/n/12 numr 4 initial radius 1.[] 
 []


Overfull \hbox (16.90247pt too wide) in paragraph at lines 1219--1219
[]      \OT1/cmtt/m/n/12 rblock 1 2. interval 3[] 
 []


Overfull \hbox (16.90247pt too wide) in paragraph at lines 1219--1219
[]      \OT1/cmtt/m/n/12 rblock 2 4. interval 3[] 
 []


Overfull \hbox (16.90247pt too wide) in paragraph at lines 1219--1219
[]      \OT1/cmtt/m/n/12 rblock 3 6. interval 5[] 
 []


Overfull \hbox (16.90247pt too wide) in paragraph at lines 1219--1219
[]      \OT1/cmtt/m/n/12 rblock 4 8. interval 6[] 
 []


Overfull \hbox (29.25247pt too wide) in paragraph at lines 1219--1219
[]      \OT1/cmtt/m/n/12 ablock 1 60. interval 12[] 
 []

<figures/bisect_7_white.png, id=307, 512.91624pt x 573.14125pt>
File: figures/bisect_7_white.png Graphic file (type png)
<use figures/bisect_7_white.png>
Package pdftex.def Info: figures/bisect_7_white.png  used on input line 1224.
(pdftex.def)             Requested size: 144.54pt x 161.5104pt.

Overfull \hbox (29.25247pt too wide) in paragraph at lines 1254--1254
[]      \OT1/cmtt/m/n/12 zblock 1 10.0 interval 1[] 
 []


Overfull \hbox (16.90247pt too wide) in paragraph at lines 1254--1254
[]    \OT1/cmtt/m/n/12 numr 4 initial radius 1.[] 
 []


Overfull \hbox (16.90247pt too wide) in paragraph at lines 1254--1254
[]      \OT1/cmtt/m/n/12 rblock 1 2. interval 3[] 
 []


Overfull \hbox (16.90247pt too wide) in paragraph at lines 1254--1254
[]      \OT1/cmtt/m/n/12 rblock 2 4. interval 3[] 
 []


Overfull \hbox (16.90247pt too wide) in paragraph at lines 1254--1254
[]      \OT1/cmtt/m/n/12 rblock 3 6. interval 5[] 
 []


Overfull \hbox (16.90247pt too wide) in paragraph at lines 1254--1254
[]      \OT1/cmtt/m/n/12 rblock 4 8. interval 6[] 
 []


Overfull \hbox (29.25247pt too wide) in paragraph at lines 1254--1254
[]      \OT1/cmtt/m/n/12 ablock 1 60. interval 12[] 
 []

<figures/numprocs_8.png, id=308, 512.91624pt x 573.14125pt>
File: figures/numprocs_8.png Graphic file (type png)
<use figures/numprocs_8.png>
Package pdftex.def Info: figures/numprocs_8.png  used on input line 1259.
(pdftex.def)             Requested size: 144.54pt x 161.5104pt.

Overfull \hbox (23.07747pt too wide) in paragraph at lines 1286--1286
[]      \OT1/cmtt/m/n/12 zblock 1 4.0 interval 1[] 
 []


Overfull \hbox (23.07747pt too wide) in paragraph at lines 1286--1286
[]       \OT1/cmtt/m/n/12 rblock 1 2. interval 4[] 
 []


Overfull \hbox (23.07747pt too wide) in paragraph at lines 1286--1286
[]       \OT1/cmtt/m/n/12 rblock 2 3. interval 4[] 
 []


Overfull \hbox (23.07747pt too wide) in paragraph at lines 1286--1286
[]       \OT1/cmtt/m/n/12 rblock 3 5. interval 4[] 
 []


Overfull \hbox (35.42747pt too wide) in paragraph at lines 1286--1286
[]      \OT1/cmtt/m/n/12 ablock 1 360. interval 32[] 
 []

<figures/trisection_decomp.png, id=309, 491.24068pt x 454.12906pt>
File: figures/trisection_decomp.png Graphic file (type png)
<use figures/trisection_decomp.png>
Package pdftex.def Info: figures/trisection_decomp.png  used on input line 1291
.
(pdftex.def)             Requested size: 144.54pt x 133.62044pt.
[40 <./figures/bisect_7_white.png>] [41 <./figures/numprocs_8.png> <./figures/t
risection_decomp.png>] [42] [43

] [44] [45] [46]

LaTeX Warning: Citation `Schoof-Yarberry:1995' on page 47 undefined on input li
ne 1397.


LaTeX Warning: Citation `Hennigan-StJohn-Shadid:1998' on page 47 undefined on i
nput line 1397.


LaTeX Warning: Reference `sec:read-mesh-to-memory' on page 47 undefined on inpu
t line 1399.

[47

]
Overfull \hbox (1.0743pt too wide) in paragraph at lines 1436--1437
[]\OT1/cmr/bx/n/12 IM[]EX[]INQ[]NS[]NODE[]LEN \OT1/cmr/m/n/12 The length of the
 con-cate-nated node-
 []


Overfull \hbox (7.06863pt too wide) in paragraph at lines 1438--1439
[]\OT1/cmr/bx/n/12 IM[]EX[]INQ[]SS[]ELEM[]LEN \OT1/cmr/m/n/12 The length of the
 con-cate-nated sidesets
 []

[48] [49]
Overfull \hbox (23.7252pt too wide) in paragraph at lines 1488--1488
[]   \OT1/cmtt/m/n/12 coord_names[i] = (char*)calloc((MAX_STR_LENGTH+1),sizeof(
char));[] 
 []

[50] [51] [52] [53] [54] [55] [56]
Overfull \hbox (85.47523pt too wide) in paragraph at lines 1726--1726
[]    \OT1/cmtt/m/n/12 for(int j=0; j<4; j++) qa_record[i][j] = (char*)malloc(M
AX_STR_LENGTH+1);[] 
 []

[57]
Underfull \vbox (badness 10000) has occurred while \output is active []

 [58]
[59] [60] [61]
Underfull \vbox (badness 5847) has occurred while \output is active []

 [62]
[63] [64] [65]) [66

] (pamgen_rtc.tex (rtclang.tex [67

]
LaTeX Font Info:    Trying to load font information for OMS+cmr on input line 4
4.

(E:\AssemblyCache\MiKTeX\tex/latex/base\omscmr.fd
File: omscmr.fd 2019/12/16 v2.5j Standard LaTeX font definitions
)
LaTeX Font Info:    Font shape `OMS/cmr/m/n' in size <12> not available
(Font)              Font shape `OMS/cmsy/m/n' tried instead on input line 44.
 [68]
Overfull \hbox (48.42522pt too wide) in paragraph at lines 101--101
[]   \OT1/cmtt/m/n/12 int ia[x*y];  //Note: in C this would not be legal for no
n-const x,y[] 
 []

[69] [70] [71])) [72] (read_into_memory.tex [73

]
Underfull \vbox (badness 10000) has occurred while \output is active []

 [74]
Underfull \vbox (badness 10000) has occurred while \output is active []

 [75]
Underfull \vbox (badness 10000) has occurred while \output is active []

 [76]
Underfull \vbox (badness 10000) has occurred while \output is active []

 [77]
Underfull \vbox (badness 10000) has occurred while \output is active []

 [78]
Underfull \vbox (badness 10000) has occurred while \output is active []

 [79])
[80]
No file Pamgen_Report.bbl.
No file Pamgen_Report.ind.
\openout2 = `pamgen_distribution.aux'.

(pamgen_distribution.tex
Underfull \hbox (badness 10000) in paragraph at lines 64--65

 []


Underfull \hbox (badness 10000) in paragraph at lines 69--70

 []


Underfull \hbox (badness 10000) in paragraph at lines 71--72

 []


Underfull \hbox (badness 10000) in paragraph at lines 73--74

 []


Underfull \hbox (badness 10000) in paragraph at lines 77--78

 []


Underfull \hbox (badness 10000) in paragraph at lines 90--91

 []


Underfull \hbox (badness 10000) in paragraph at lines 93--94

 []


Underfull \hbox (badness 10000) in paragraph at lines 102--103

 []

) [81



] (Pamgen_Report.aux (pamgen_distribution.aux))

LaTeX Font Warning: Some font shapes were not available, defaults substituted.


LaTeX Warning: There were undefined references.


LaTeX Warning: Label(s) may have changed. Rerun to get cross-references right.


Package rerunfilecheck Warning: File `Pamgen_Report.out' has changed.
(rerunfilecheck)                Rerun to get outlines right
(rerunfilecheck)                or use package `bookmark'.

Package rerunfilecheck Info: Checksums for `Pamgen_Report.out':
(rerunfilecheck)             Before: <no file>
(rerunfilecheck)             After:  2DC2F9EB8D353AFA55252AF43EAB1E94;12521.
 ) 
Here is how much of TeX's memory you used:
 10116 strings out of 479163
 149920 string characters out of 2863940
 463007 words of memory out of 3000000
 27351 multiletter control sequences out of 15000+600000
 423316 words of font info for 76 fonts, out of 8000000 for 9000
 1141 hyphenation exceptions out of 8191
 60i,11n,63p,897b,524s stack positions out of 5000i,500n,10000p,200000b,80000s
 <C:\Users\trmcnealy\AppData\Local\MiKTeX\fonts/pk/ljfour/jknappen/ec/dpi600\
tcrm1200.pk>{E:/AssemblyCache/MiKTeX/fonts/enc/dvips/base/8r.enc}<E:/AssemblyCa
che/MiKTeX/fonts/type1/public/amsfonts/cm/cmbx10.pfb><E:/AssemblyCache/MiKTeX/f
onts/type1/public/amsfonts/cm/cmbx12.pfb><E:/AssemblyCache/MiKTeX/fonts/type1/p
ublic/amsfonts/cm/cmcsc10.pfb><E:/AssemblyCache/MiKTeX/fonts/type1/public/amsfo
nts/cm/cmex10.pfb><E:/AssemblyCache/MiKTeX/fonts/type1/public/amsfonts/cm/cmmi1
2.pfb><E:/AssemblyCache/MiKTeX/fonts/type1/public/amsfonts/cm/cmmi6.pfb><E:/Ass
emblyCache/MiKTeX/fonts/type1/public/amsfonts/cm/cmmi8.pfb><E:/AssemblyCache/Mi
KTeX/fonts/type1/public/amsfonts/cm/cmr10.pfb><E:/AssemblyCache/MiKTeX/fonts/ty
pe1/public/amsfonts/cm/cmr12.pfb><E:/AssemblyCache/MiKTeX/fonts/type1/public/am
sfonts/cm/cmr17.pfb><E:/AssemblyCache/MiKTeX/fonts/type1/public/amsfonts/cm/cmr
8.pfb><E:/AssemblyCache/MiKTeX/fonts/type1/public/amsfonts/cm/cmsy10.pfb><E:/As
semblyCache/MiKTeX/fonts/type1/public/amsfonts/cm/cmti12.pfb><E:/AssemblyCache/
MiKTeX/fonts/type1/public/amsfonts/cm/cmtt10.pfb><E:/AssemblyCache/MiKTeX/fonts
/type1/public/amsfonts/cm/cmtt12.pfb><E:/AssemblyCache/MiKTeX/fonts/type1/urw/h
elvetic/uhvb8a.pfb><E:/AssemblyCache/MiKTeX/fonts/type1/urw/helvetic/uhvr8a.pfb
><E:/AssemblyCache/MiKTeX/fonts/type1/urw/ncntrsbk/uncb8a.pfb><E:/AssemblyCache
/MiKTeX/fonts/type1/urw/ncntrsbk/uncr8a.pfb>
Output written on Pamgen_Report.pdf (81 pages, 696927 bytes).
PDF statistics:
 660 PDF objects out of 1000 (max. 8388607)
 193 named destinations out of 1000 (max. 500000)
 96 words of extra memory for PDF output out of 10000 (max. 10000000)

