\BOOKMARK [1][-]{section.1}{\376\377\000I\000n\000t\000r\000o\000d\000u\000c\000t\000i\000o\000n}{}% 1
\BOOKMARK [1][-]{section.2}{\376\377\000C\000a\000p\000a\000b\000i\000l\000i\000t\000i\000e\000s}{}% 2
\BOOKMARK [2][-]{subsection.2.1}{\376\377\000D\000i\000m\000e\000n\000s\000i\000o\000n\000s}{section.2}% 3
\BOOKMARK [2][-]{subsection.2.2}{\376\377\000M\000e\000s\000h\000\040\000G\000e\000o\000m\000e\000t\000r\000i\000e\000s}{section.2}% 4
\BOOKMARK [2][-]{subsection.2.3}{\376\377\000B\000o\000u\000n\000d\000a\000r\000y\000\040\000C\000o\000n\000d\000i\000t\000i\000o\000n\000s}{section.2}% 5
\BOOKMARK [2][-]{subsection.2.4}{\376\377\000D\000e\000c\000o\000m\000p\000o\000s\000i\000t\000i\000o\000n}{section.2}% 6
\BOOKMARK [2][-]{subsection.2.5}{\376\377\000G\000e\000o\000m\000e\000t\000r\000y\000\040\000T\000r\000a\000n\000s\000f\000o\000r\000m\000a\000t\000i\000o\000n}{section.2}% 7
\BOOKMARK [2][-]{subsection.2.6}{\376\377\000E\000l\000e\000m\000e\000n\000t\000\040\000D\000e\000n\000s\000i\000t\000y}{section.2}% 8
\BOOKMARK [1][-]{section.3}{\376\377\000A\000p\000p\000r\000o\000a\000c\000h}{}% 9
\BOOKMARK [1][-]{section.4}{\376\377\000U\000s\000a\000g\000e}{}% 10
\BOOKMARK [1][-]{section.5}{\376\377\000S\000p\000e\000c\000i\000f\000y\000i\000n\000g\000\040\000a\000\040\000M\000e\000s\000h}{}% 11
\BOOKMARK [2][-]{subsection.5.1}{\376\377\000D\000i\000m\000e\000n\000s\000i\000o\000n\000a\000l\000i\000t\000y}{section.5}% 12
\BOOKMARK [2][-]{subsection.5.2}{\376\377\000B\000l\000o\000c\000k\000\040\000I\000D\000s}{section.5}% 13
\BOOKMARK [2][-]{subsection.5.3}{\376\377\000G\000e\000o\000m\000e\000t\000r\000y\000\040\000a\000n\000d\000\040\000T\000o\000p\000o\000l\000o\000g\000y}{section.5}% 14
\BOOKMARK [3][-]{subsubsection.5.3.1}{\376\377\000R\000e\000c\000t\000i\000l\000i\000n\000e\000a\000r}{subsection.5.3}% 15
\BOOKMARK [3][-]{subsubsection.5.3.2}{\376\377\000S\000p\000h\000e\000r\000i\000c\000a\000l}{subsection.5.3}% 16
\BOOKMARK [3][-]{subsubsection.5.3.3}{\376\377\000C\000y\000l\000i\000n\000d\000r\000i\000c\000a\000l}{subsection.5.3}% 17
\BOOKMARK [3][-]{subsubsection.5.3.4}{\376\377\000R\000a\000d\000i\000a\000l\000\040\000a\000n\000d\000\040\000R\000a\000d\000i\000a\000l\000\040\000T\000r\000i\000s\000e\000c\000t\000i\000o\000n}{subsection.5.3}% 18
\BOOKMARK [3][-]{subsubsection.5.3.5}{\376\377\000B\000r\000i\000c\000k}{subsection.5.3}% 19
\BOOKMARK [2][-]{subsection.5.4}{\376\377\000B\000o\000u\000n\000d\000a\000r\000y\000\040\000C\000o\000n\000d\000i\000t\000i\000o\000n\000s\000\040\000\050\000N\000o\000d\000e\000s\000e\000t\000s\000\040\000a\000n\000d\000\040\000S\000i\000d\000e\000s\000e\000t\000s\000\051}{section.5}% 20
\BOOKMARK [2][-]{subsection.5.5}{\376\377\000U\000s\000e\000r\000\040\000D\000e\000f\000i\000n\000e\000d\000\040\000G\000e\000o\000m\000e\000t\000r\000y\000\040\000T\000r\000a\000n\000s\000f\000o\000r\000m\000a\000t\000i\000o\000n}{section.5}% 21
\BOOKMARK [2][-]{subsection.5.6}{\376\377\000U\000s\000e\000r\000\040\000D\000e\000f\000i\000n\000e\000d\000\040\000E\000l\000e\000m\000e\000n\000t\000\040\000D\000e\000n\000s\000i\000t\000y}{section.5}% 22
\BOOKMARK [2][-]{subsection.5.7}{\376\377\000D\000e\000c\000o\000m\000p\000o\000s\000i\000t\000i\000o\000n\000\040\000S\000t\000r\000a\000t\000e\000g\000y}{section.5}% 23
\BOOKMARK [1][-]{section.6}{\376\377\000L\000i\000b\000r\000a\000r\000y\000\040\000I\000n\000t\000e\000r\000f\000a\000c\000e}{}% 24
\BOOKMARK [2][-]{subsection.6.1}{\376\377\000C\000r\000e\000a\000t\000i\000n\000g\000\040\000a\000\040\000M\000e\000s\000h}{section.6}% 25
\BOOKMARK [3][-]{subsubsection.6.1.1}{\376\377\000C\000r\000e\000a\000t\000e\000\137\000P\000a\000m\000g\000e\000n\000\137\000M\000e\000s\000h}{subsection.6.1}% 26
\BOOKMARK [3][-]{subsubsection.6.1.2}{\376\377\000g\000e\000t\000P\000a\000m\000g\000e\000n\000E\000c\000h\000o\000S\000t\000r\000e\000a\000m\000S\000i\000z\000e}{subsection.6.1}% 27
\BOOKMARK [3][-]{subsubsection.6.1.3}{\376\377\000g\000e\000t\000P\000a\000m\000g\000e\000n\000E\000c\000h\000o\000S\000t\000r\000e\000a\000m}{subsection.6.1}% 28
\BOOKMARK [3][-]{subsubsection.6.1.4}{\376\377\000g\000e\000t\000P\000a\000m\000g\000e\000n\000E\000r\000r\000o\000r\000S\000t\000r\000e\000a\000m\000S\000i\000z\000e}{subsection.6.1}% 29
\BOOKMARK [3][-]{subsubsection.6.1.5}{\376\377\000g\000e\000t\000P\000a\000m\000g\000e\000n\000E\000r\000r\000o\000r\000S\000t\000r\000e\000a\000m}{subsection.6.1}% 30
\BOOKMARK [3][-]{subsubsection.6.1.6}{\376\377\000g\000e\000t\000P\000a\000m\000g\000e\000n\000W\000a\000r\000n\000i\000n\000g\000S\000t\000r\000e\000a\000m\000S\000i\000z\000e}{subsection.6.1}% 31
\BOOKMARK [3][-]{subsubsection.6.1.7}{\376\377\000g\000e\000t\000P\000a\000m\000g\000e\000n\000W\000a\000r\000n\000i\000n\000g\000S\000t\000r\000e\000a\000m}{subsection.6.1}% 32
\BOOKMARK [3][-]{subsubsection.6.1.8}{\376\377\000g\000e\000t\000P\000a\000m\000g\000e\000n\000I\000n\000f\000o\000S\000t\000r\000e\000a\000m\000S\000i\000z\000e}{subsection.6.1}% 33
\BOOKMARK [3][-]{subsubsection.6.1.9}{\376\377\000g\000e\000t\000P\000a\000m\000g\000e\000n\000I\000n\000f\000o\000S\000t\000r\000e\000a\000m}{subsection.6.1}% 34
\BOOKMARK [2][-]{subsection.6.2}{\376\377\000Q\000u\000e\000r\000y\000i\000n\000g\000\040\000a\000\040\000M\000e\000s\000h}{section.6}% 35
\BOOKMARK [3][-]{subsubsection.6.2.1}{\376\377\000i\000m\000\137\000e\000x\000\137\000g\000e\000t\000\137\000i\000n\000i\000t}{subsection.6.2}% 36
\BOOKMARK [3][-]{subsubsection.6.2.2}{\376\377\000i\000m\000\137\000e\000x\000\137\000i\000n\000q\000u\000i\000r\000e}{subsection.6.2}% 37
\BOOKMARK [3][-]{subsubsection.6.2.3}{\376\377\000i\000m\000\137\000e\000x\000\137\000g\000e\000t\000\137\000c\000o\000o\000r\000d}{subsection.6.2}% 38
\BOOKMARK [3][-]{subsubsection.6.2.4}{\376\377\000i\000m\000\137\000e\000x\000\137\000g\000e\000t\000\137\000c\000o\000o\000r\000d\000\137\000n\000a\000m\000e\000s}{subsection.6.2}% 39
\BOOKMARK [3][-]{subsubsection.6.2.5}{\376\377\000i\000m\000\137\000e\000x\000\137\000g\000e\000t\000\137\000m\000a\000p}{subsection.6.2}% 40
\BOOKMARK [3][-]{subsubsection.6.2.6}{\376\377\000i\000m\000\137\000e\000x\000\137\000g\000e\000t\000\137\000e\000l\000e\000m\000\137\000n\000u\000m\000\137\000m\000a\000p}{subsection.6.2}% 41
\BOOKMARK [3][-]{subsubsection.6.2.7}{\376\377\000i\000m\000\137\000e\000x\000\137\000g\000e\000t\000\137\000n\000o\000d\000e\000\137\000n\000u\000m\000\137\000m\000a\000p}{subsection.6.2}% 42
\BOOKMARK [3][-]{subsubsection.6.2.8}{\376\377\000i\000m\000\137\000e\000x\000\137\000g\000e\000t\000\137\000e\000l\000e\000m\000\137\000b\000l\000k\000\137\000i\000d\000s}{subsection.6.2}% 43
\BOOKMARK [3][-]{subsubsection.6.2.9}{\376\377\000i\000m\000\137\000e\000x\000\137\000g\000e\000t\000\137\000e\000l\000e\000m\000\137\000b\000l\000o\000c\000k}{subsection.6.2}% 44
\BOOKMARK [3][-]{subsubsection.6.2.10}{\376\377\000i\000m\000\137\000e\000x\000\137\000g\000e\000t\000\137\000e\000l\000e\000m\000\137\000c\000o\000n\000n}{subsection.6.2}% 45
\BOOKMARK [3][-]{subsubsection.6.2.11}{\376\377\000i\000m\000\137\000e\000x\000\137\000g\000e\000t\000\137\000n\000o\000d\000e\000\137\000s\000e\000t\000\137\000i\000d\000s}{subsection.6.2}% 46
\BOOKMARK [3][-]{subsubsection.6.2.12}{\376\377\000i\000m\000\137\000e\000x\000\137\000g\000e\000t\000\137\000n\000o\000d\000e\000\137\000s\000e\000t\000\137\000p\000a\000r\000a\000m}{subsection.6.2}% 47
\BOOKMARK [3][-]{subsubsection.6.2.13}{\376\377\000i\000m\000\137\000e\000x\000\137\000g\000e\000t\000\137\000n\000o\000d\000e\000\137\000s\000e\000t}{subsection.6.2}% 48
\BOOKMARK [3][-]{subsubsection.6.2.14}{\376\377\000i\000m\000\137\000e\000x\000\137\000g\000e\000t\000\137\000s\000i\000d\000e\000\137\000s\000e\000t\000\137\000i\000d\000s}{subsection.6.2}% 49
\BOOKMARK [3][-]{subsubsection.6.2.15}{\376\377\000i\000m\000\137\000e\000x\000\137\000g\000e\000t\000\137\000s\000i\000d\000e\000\137\000s\000e\000t\000\137\000p\000a\000r\000a\000m}{subsection.6.2}% 50
\BOOKMARK [3][-]{subsubsection.6.2.16}{\376\377\000i\000m\000\137\000e\000x\000\137\000g\000e\000t\000\137\000s\000i\000d\000e\000\137\000s\000e\000t}{subsection.6.2}% 51
\BOOKMARK [3][-]{subsubsection.6.2.17}{\376\377\000i\000m\000\137\000e\000x\000\137\000g\000e\000t\000\137\000q\000a}{subsection.6.2}% 52
\BOOKMARK [3][-]{subsubsection.6.2.18}{\376\377\000i\000m\000\137\000e\000x\000\137\000g\000e\000t\000\137\000i\000n\000f\000o}{subsection.6.2}% 53
\BOOKMARK [3][-]{subsubsection.6.2.19}{\376\377\000i\000m\000\137\000n\000e\000\137\000g\000e\000t\000\137\000i\000n\000i\000t\000\137\000g\000l\000o\000b\000a\000l}{subsection.6.2}% 54
\BOOKMARK [3][-]{subsubsection.6.2.20}{\376\377\000i\000m\000\137\000n\000e\000\137\000g\000e\000t\000\137\000i\000n\000i\000t\000\137\000i\000n\000f\000o}{subsection.6.2}% 55
\BOOKMARK [3][-]{subsubsection.6.2.21}{\376\377\000i\000m\000\137\000n\000e\000\137\000g\000e\000t\000\137\000e\000b\000\137\000i\000n\000f\000o\000\137\000g\000l\000o\000b\000a\000l}{subsection.6.2}% 56
\BOOKMARK [3][-]{subsubsection.6.2.22}{\376\377\000i\000m\000\137\000n\000e\000\137\000g\000e\000t\000\137\000n\000s\000\137\000p\000a\000r\000a\000m\000\137\000g\000l\000o\000b\000a\000l}{subsection.6.2}% 57
\BOOKMARK [3][-]{subsubsection.6.2.23}{\376\377\000i\000m\000\137\000n\000e\000\137\000g\000e\000t\000\137\000s\000s\000\137\000p\000a\000r\000a\000m\000\137\000g\000l\000o\000b\000a\000l}{subsection.6.2}% 58
\BOOKMARK [3][-]{subsubsection.6.2.24}{\376\377\000i\000m\000\137\000n\000e\000\137\000g\000e\000t\000\137\000l\000o\000a\000d\000b\000a\000l\000\137\000p\000a\000r\000a\000m}{subsection.6.2}% 59
\BOOKMARK [3][-]{subsubsection.6.2.25}{\376\377\000i\000m\000\137\000n\000e\000\137\000g\000e\000t\000\137\000e\000l\000e\000m\000\137\000m\000a\000p}{subsection.6.2}% 60
\BOOKMARK [3][-]{subsubsection.6.2.26}{\376\377\000i\000m\000\137\000n\000e\000\137\000g\000e\000t\000\137\000n\000o\000d\000e\000\137\000m\000a\000p}{subsection.6.2}% 61
\BOOKMARK [3][-]{subsubsection.6.2.27}{\376\377\000i\000m\000\137\000n\000e\000\137\000g\000e\000t\000\137\000c\000m\000a\000p\000\137\000p\000a\000r\000a\000m\000s}{subsection.6.2}% 62
\BOOKMARK [3][-]{subsubsection.6.2.28}{\376\377\000i\000m\000\137\000n\000e\000\137\000g\000e\000t\000\137\000n\000o\000d\000e\000\137\000c\000m\000a\000p}{subsection.6.2}% 63
\BOOKMARK [3][-]{subsubsection.6.2.29}{\376\377\000i\000m\000\137\000n\000e\000\137\000g\000e\000t\000\137\000e\000l\000e\000m\000\137\000c\000m\000a\000p}{subsection.6.2}% 64
\BOOKMARK [2][-]{subsection.6.3}{\376\377\000D\000e\000l\000e\000t\000i\000n\000g\000\040\000a\000\040\000M\000e\000s\000h}{section.6}% 65
\BOOKMARK [3][-]{subsubsection.6.3.1}{\376\377\000D\000e\000l\000e\000t\000e\000\137\000P\000a\000m\000g\000e\000n\000\137\000M\000e\000s\000h}{subsection.6.3}% 66
\BOOKMARK [1][-]{appendix.A}{\376\377\000R\000u\000n\000t\000i\000m\000e\000\040\000C\000o\000m\000p\000i\000l\000e\000r\000\040\000F\000u\000n\000c\000t\000i\000o\000n\000a\000l\000i\000t\000y}{}% 67
\BOOKMARK [2][-]{subsection.A.1}{\376\377\000T\000h\000e\000\040\000R\000T\000C\000\040\000l\000a\000n\000g\000u\000a\000g\000e}{appendix.A}% 68
\BOOKMARK [3][-]{subsubsection.A.1.1}{\376\377\000O\000p\000e\000r\000a\000t\000o\000r\000s}{subsection.A.1}% 69
\BOOKMARK [3][-]{subsubsection.A.1.2}{\376\377\000C\000o\000n\000t\000r\000o\000l\000\040\000f\000l\000o\000w}{subsection.A.1}% 70
\BOOKMARK [3][-]{subsubsection.A.1.3}{\376\377\000L\000i\000n\000e\000\040\000S\000t\000r\000u\000c\000t\000u\000r\000e}{subsection.A.1}% 71
\BOOKMARK [3][-]{subsubsection.A.1.4}{\376\377\000V\000a\000r\000i\000a\000b\000l\000e\000s}{subsection.A.1}% 72
\BOOKMARK [3][-]{subsubsection.A.1.5}{\376\377\000M\000a\000t\000h}{subsection.A.1}% 73
\BOOKMARK [3][-]{subsubsection.A.1.6}{\376\377\000S\000t\000r\000i\000n\000g\000s}{subsection.A.1}% 74
\BOOKMARK [3][-]{subsubsection.A.1.7}{\376\377\000P\000r\000i\000n\000t\000f}{subsection.A.1}% 75
\BOOKMARK [3][-]{subsubsection.A.1.8}{\376\377\000C\000o\000m\000m\000e\000n\000t\000s}{subsection.A.1}% 76
\BOOKMARK [3][-]{subsubsection.A.1.9}{\376\377\000U\000n\000s\000u\000p\000p\000o\000r\000t\000e\000d\000\040\000F\000e\000a\000t\000u\000r\000e\000s}{subsection.A.1}% 77
\BOOKMARK [1][-]{appendix.B}{\376\377\000r\000e\000a\000d\000\137\000m\000e\000s\000h\000\137\000t\000o\000\137\000m\000e\000m\000o\000r\000y}{}% 78
\BOOKMARK [1][-]{appendix.B}{\376\377\000R\000e\000f\000e\000r\000e\000n\000c\000e\000s}{}% 79
\BOOKMARK [1][-]{appendix.B}{\376\377\000I\000n\000d\000e\000x}{}% 80
